/home/ubuntu/venv/local/lib/python2.7/site-packages/django/template/utils.py:37: RemovedInDjango110Warning: You haven't defined a TEMPLATES setting. You must do so before upgrading to Django 1.10. Otherwise Django will be unable to load templates.
  "unable to load templates.", RemovedInDjango110Warning)

/home/ubuntu/izzzymusic2/eup/urls.py:15: RemovedInDjango110Warning: django.conf.urls.patterns() is deprecated and will be removed in Django 1.10. Update your urlpatterns to be a list of django.conf.urls.url() instances instead.
  url('^', MusicList.as_view()),

System check identified some issues:

WARNINGS:
music.Track.duration: (fields.W122) 'max_length' is ignored when used with IntegerField
	HINT: Remove 'max_length' from field

System check identified 1 issue (0 silenced).
[22/Jan/2016 15:48:11] "GET / HTTP/1.0" 200 15920
[22/Jan/2016 15:48:11] "GET /static/css/style.css HTTP/1.0" 200 2884
[22/Jan/2016 15:48:12] "GET /static/css/audio.css HTTP/1.0" 200 5259
[22/Jan/2016 15:48:14] "GET /music/ajax/?page=0 HTTP/1.0" 200 10256
[22/Jan/2016 15:48:16] "GET /music/ajax/?page=1 HTTP/1.0" 200 10172
[22/Jan/2016 15:52:41] "GET / HTTP/1.0" 200 15920
[22/Jan/2016 15:52:44] "GET /music/ajax/?page=0 HTTP/1.0" 200 10256
[22/Jan/2016 15:52:46] "GET /music/ajax/?page=1 HTTP/1.0" 200 10172
[22/Jan/2016 15:52:56] "GET / HTTP/1.0" 200 15920
[22/Jan/2016 15:52:59] "GET /music/ajax/?page=0 HTTP/1.0" 200 10256
[22/Jan/2016 16:00:39] "GET / HTTP/1.0" 200 16273
[22/Jan/2016 16:00:40] "GET /static/audiojs/audio.min.js HTTP/1.0" 200 24836
[22/Jan/2016 16:00:40] "GET /static/audiojs/player-graphics.gif HTTP/1.0" 200 4499
[22/Jan/2016 16:00:41] "GET / HTTP/1.0" 200 16273
[22/Jan/2016 16:00:53] "GET /music/ajax/?page=0 HTTP/1.0" 200 10256
[22/Jan/2016 16:01:23] "GET /music/ajax/?page=1 HTTP/1.0" 200 10172
[22/Jan/2016 16:01:26] "GET /music/ajax/?page=2 HTTP/1.0" 200 10638
[22/Jan/2016 16:06:43] "GET /music/ajax/?page=3 HTTP/1.0" 200 10251
[22/Jan/2016 16:47:30] "GET / HTTP/1.0" 200 16273
[22/Jan/2016 16:47:30] "GET /static/css/animate.css HTTP/1.0" 200 70824
[22/Jan/2016 16:47:31] "GET /static/images/photo_bg.jpg HTTP/1.0" 200 3182478
[22/Jan/2016 16:47:37] "GET /favicon.ico HTTP/1.0" 200 16273
[22/Jan/2016 16:47:37] "GET /music/ajax/?page=0 HTTP/1.0" 200 10256
[22/Jan/2016 16:47:45] "GET /music/ajax/?page=1 HTTP/1.0" 200 10172
[22/Jan/2016 19:31:01] "GET / HTTP/1.0" 200 16273
[22/Jan/2016 19:46:34] "GET / HTTP/1.0" 200 16273
[22/Jan/2016 19:46:35] "GET /static/css/animate.css HTTP/1.0" 304 0
[22/Jan/2016 19:46:35] "GET /static/css/style.css HTTP/1.0" 304 0
[22/Jan/2016 19:46:35] "GET /static/css/audio.css HTTP/1.0" 304 0
[22/Jan/2016 19:46:35] "GET /static/audiojs/audio.min.js HTTP/1.0" 304 0
[22/Jan/2016 19:46:36] "GET /static/images/photo_bg.jpg HTTP/1.0" 304 0
[22/Jan/2016 19:46:36] "GET /static/audiojs/player-graphics.gif HTTP/1.0" 304 0
[22/Jan/2016 19:47:00] "GET / HTTP/1.0" 200 16273
[22/Jan/2016 19:47:03] "GET /favicon.ico HTTP/1.0" 200 16273
[22/Jan/2016 19:47:35] "GET /music/ajax/?page=0 HTTP/1.0" 200 10256
/home/ubuntu/venv/local/lib/python2.7/site-packages/requests/packages/urllib3/util/ssl_.py:315: SNIMissingWarning: An HTTPS request has been made, but the SNI (Subject Name Indication) extension to TLS is not available on this platform. This may cause the server to present an incorrect TLS certificate, which can cause validation failures. For more information, see https://urllib3.readthedocs.org/en/latest/security.html#snimissingwarning.
  SNIMissingWarning
/home/ubuntu/venv/local/lib/python2.7/site-packages/requests/packages/urllib3/util/ssl_.py:120: InsecurePlatformWarning: A true SSLContext object is not available. This prevents urllib3 from configuring SSL appropriately and may cause certain SSL connections to fail. For more information, see https://urllib3.readthedocs.org/en/latest/security.html#insecureplatformwarning.
  InsecurePlatformWarning
/home/ubuntu/venv/local/lib/python2.7/site-packages/requests/packages/urllib3/util/ssl_.py:315: SNIMissingWarning: An HTTPS request has been made, but the SNI (Subject Name Indication) extension to TLS is not available on this platform. This may cause the server to present an incorrect TLS certificate, which can cause validation failures. For more information, see https://urllib3.readthedocs.org/en/latest/security.html#snimissingwarning.
  SNIMissingWarning
/home/ubuntu/venv/local/lib/python2.7/site-packages/requests/packages/urllib3/util/ssl_.py:120: InsecurePlatformWarning: A true SSLContext object is not available. This prevents urllib3 from configuring SSL appropriately and may cause certain SSL connections to fail. For more information, see https://urllib3.readthedocs.org/en/latest/security.html#insecureplatformwarning.
  InsecurePlatformWarning
/home/ubuntu/venv/local/lib/python2.7/site-packages/django/template/utils.py:37: RemovedInDjango110Warning: You haven't defined a TEMPLATES setting. You must do so before upgrading to Django 1.10. Otherwise Django will be unable to load templates.
  "unable to load templates.", RemovedInDjango110Warning)

/home/ubuntu/izzzymusic2/eup/urls.py:17: RemovedInDjango110Warning: django.conf.urls.patterns() is deprecated and will be removed in Django 1.10. Update your urlpatterns to be a list of django.conf.urls.url() instances instead.
  url('^', MusicList.as_view()),

System check identified some issues:

WARNINGS:
music.Track.duration: (fields.W122) 'max_length' is ignored when used with IntegerField
	HINT: Remove 'max_length' from field

System check identified 1 issue (0 silenced).
[22/Jan/2016 22:10:02] "GET / HTTP/1.0" 200 16620
[22/Jan/2016 22:10:12] "GET /?search=%D1%87%D0%B0%D1%81+%D0%B8%D1%81%D0%BF%D1%8B%D1%82%D0%B0%D0%BD%D0%B8%D1%8F HTTP/1.0" 200 4180
[22/Jan/2016 22:10:18] "GET /?search=%D1%8D%D0%BF%D0%B8%D0%B4%D0%B5%D0%BC%D0%B8%D1%8F HTTP/1.0" 200 9140
[22/Jan/2016 22:10:25] "GET /music/like/2443 HTTP/1.0" 302 0
[22/Jan/2016 22:10:26] "GET /accounts/login/?next=/music/like/2443 HTTP/1.0" 200 16620
/home/ubuntu/venv/local/lib/python2.7/site-packages/django/template/defaulttags.py:499: RemovedInDjango110Warning: Reversing by dotted path is deprecated (django.contrib.auth.views.login).
  url = reverse(view_name, args=args, kwargs=kwargs, current_app=current_app)

[22/Jan/2016 22:10:47] "GET /login/ HTTP/1.0" 200 2191
[22/Jan/2016 22:10:55] "POST /login/ HTTP/1.0" 302 0
[22/Jan/2016 22:10:55] "GET /accounts/profile/ HTTP/1.0" 200 16631
[22/Jan/2016 22:11:01] "GET /accounts/profile/?search=%D1%8D%D0%BF%D0%B8%D0%B4%D0%B5%D0%BC%D0%B8 HTTP/1.0" 200 9138
/home/ubuntu/venv/local/lib/python2.7/site-packages/requests/packages/urllib3/util/ssl_.py:120: InsecurePlatformWarning: A true SSLContext object is not available. This prevents urllib3 from configuring SSL appropriately and may cause certain SSL connections to fail. For more information, see https://urllib3.readthedocs.org/en/latest/security.html#insecureplatformwarning.
  InsecurePlatformWarning

[22/Jan/2016 22:11:17] "GET /music/like/2442 HTTP/1.0" 200 17
[22/Jan/2016 22:11:39] "GET /music/ajax/?search=%D1%8D%D0%BF%D0%B8%D0%B4%D0%B5%D0%BC%D0%B8&page=1 HTTP/1.0" 200 0
[22/Jan/2016 22:11:40] "GET /music/ajax/?search=%D1%8D%D0%BF%D0%B8%D0%B4%D0%B5%D0%BC%D0%B8&page=2 HTTP/1.0" 200 0
[22/Jan/2016 22:11:50] "GET /accounts/profile/?search=rammstein HTTP/1.0" 200 9697
/home/ubuntu/venv/local/lib/python2.7/site-packages/requests/packages/urllib3/util/ssl_.py:120: InsecurePlatformWarning: A true SSLContext object is not available. This prevents urllib3 from configuring SSL appropriately and may cause certain SSL connections to fail. For more information, see https://urllib3.readthedocs.org/en/latest/security.html#insecureplatformwarning.
  InsecurePlatformWarning

[22/Jan/2016 22:12:08] "GET /music/like/783 HTTP/1.0" 200 17
[22/Jan/2016 22:12:10] "GET /accounts/profile/?liked HTTP/1.0" 200 6877
[22/Jan/2016 22:13:03] "GET /accounts/profile/?search=ice+queen HTTP/1.0" 200 5913
/home/ubuntu/venv/local/lib/python2.7/site-packages/requests/packages/urllib3/util/ssl_.py:120: InsecurePlatformWarning: A true SSLContext object is not available. This prevents urllib3 from configuring SSL appropriately and may cause certain SSL connections to fail. For more information, see https://urllib3.readthedocs.org/en/latest/security.html#insecureplatformwarning.
  InsecurePlatformWarning

[22/Jan/2016 22:13:53] "GET /music/like/2554 HTTP/1.0" 200 17
[23/Jan/2016 06:08:14] "GET / HTTP/1.0" 200 16620
[23/Jan/2016 06:08:14] "GET /static/css/animate.css HTTP/1.0" 200 70824
[23/Jan/2016 06:08:14] "GET /static/css/audio.css HTTP/1.0" 200 5259
[23/Jan/2016 06:08:14] "GET /static/audiojs/audio.min.js HTTP/1.0" 200 24836
[23/Jan/2016 06:08:14] "GET /static/css/style.css HTTP/1.0" 200 3162
[23/Jan/2016 06:08:16] "GET /static/images/photo_bg.jpg HTTP/1.0" 200 3182478
[23/Jan/2016 06:08:27] "GET /static/audiojs/player-graphics.gif HTTP/1.0" 200 4499
[23/Jan/2016 09:14:03] "GET / HTTP/1.0" 200 16620
[23/Jan/2016 15:40:06] "GET /accounts/profile/?search=ice+queen HTTP/1.0" 200 5924
[23/Jan/2016 15:40:07] "GET /static/css/animate.css HTTP/1.0" 304 0
[23/Jan/2016 15:40:07] "GET /static/css/style.css HTTP/1.0" 200 3162
[23/Jan/2016 15:40:07] "GET /static/css/audio.css HTTP/1.0" 304 0
[23/Jan/2016 15:40:07] "GET /static/audiojs/audio.min.js HTTP/1.0" 304 0
[23/Jan/2016 15:40:07] "GET /static/images/photo_bg.jpg HTTP/1.0" 304 0
[23/Jan/2016 15:40:07] "GET /static/audiojs/player-graphics.gif HTTP/1.0" 304 0
[23/Jan/2016 15:40:25] "GET / HTTP/1.0" 200 16631
[23/Jan/2016 15:40:38] "GET /?search=evanesc HTTP/1.0" 200 16187
/home/ubuntu/venv/local/lib/python2.7/site-packages/requests/packages/urllib3/util/ssl_.py:120: InsecurePlatformWarning: A true SSLContext object is not available. This prevents urllib3 from configuring SSL appropriately and may cause certain SSL connections to fail. For more information, see https://urllib3.readthedocs.org/en/latest/security.html#insecureplatformwarning.
  InsecurePlatformWarning

[23/Jan/2016 15:40:58] "GET /music/like/2654 HTTP/1.0" 200 17
[23/Jan/2016 15:48:41] "GET /music/ajax/?search=evanesc&page=1 HTTP/1.0" 200 4072
[23/Jan/2016 15:48:44] "GET /music/ajax/?search=evanesc&page=2 HTTP/1.0" 200 0
[23/Jan/2016 15:48:45] "GET /music/ajax/?search=evanesc&page=3 HTTP/1.0" 200 0
[23/Jan/2016 16:09:19] "GET /?search=evanesc HTTP/1.0" 200 16198
Method Not Allowed (POST): /message/
[23/Jan/2016 17:09:15] "POST /message/ HTTP/1.0" 405 0
Method Not Allowed (POST): /message/
[23/Jan/2016 17:09:17] "POST /message/ HTTP/1.0" 405 0
Method Not Allowed (POST): /message/
[23/Jan/2016 17:09:22] "POST /message/ HTTP/1.0" 405 0
Method Not Allowed (POST): /message/
[23/Jan/2016 17:09:30] "POST /message/ HTTP/1.0" 405 0
Method Not Allowed (POST): /message/
[23/Jan/2016 17:09:46] "POST /message/ HTTP/1.0" 405 0
Method Not Allowed (POST): /message/
[23/Jan/2016 17:10:18] "POST /message/ HTTP/1.0" 405 0
Method Not Allowed (POST): /message/
[23/Jan/2016 17:11:19] "POST /message/ HTTP/1.0" 405 0
Method Not Allowed (POST): /message/
[23/Jan/2016 17:12:19] "POST /message/ HTTP/1.0" 405 0
Method Not Allowed (POST): /message/
[23/Jan/2016 17:13:19] "POST /message/ HTTP/1.0" 405 0
Method Not Allowed (POST): /message/
[23/Jan/2016 17:14:19] "POST /message/ HTTP/1.0" 405 0
Method Not Allowed (POST): /message/
[23/Jan/2016 17:15:20] "POST /message/ HTTP/1.0" 405 0
Performing system checks...


You have unapplied migrations; your app may not work properly until they are applied.
Run 'python manage.py migrate' to apply them.
January 22, 2016 - 22:09:35
Django version 1.9, using settings 'eup.settings'
Starting development server at http://0.0.0.0:8080/
Quit the server with CONTROL-C.
{"ok":true,"result":{"message_id":596,"from":{"id":176784464,"first_name":"izzzmusic","username":"izzzmusic_bot"},"chat":{"id":1398413,"first_name":"Igor","last_name":"Zygin","type":"private"},"date":1453500720,"audio":{"duration":300,"mime_type":"audio\/mpeg","title":"\u0412\u0435\u0447\u043d\u044b\u0439 \u0412\u043e\u0438\u0442\u0435\u043b\u044c","performer":"\u042d\u043f\u0438\u0434\u0435\u043c\u0438\u044f","file_id":"BQADAgAD3wADUISJCt2P8ZEpqFmZAg","file_size":12227681}}}
{"ok":true,"result":{"message_id":597,"from":{"id":176784464,"first_name":"izzzmusic","username":"izzzmusic_bot"},"chat":{"id":1398413,"first_name":"Igor","last_name":"Zygin","type":"private"},"date":1453500771,"audio":{"duration":300,"mime_type":"audio\/mpeg","title":"Links 2 3 4","performer":"Rammstein","file_id":"BQADAgAD4AADUISJCj9jgYFDztOuAg","file_size":5207074}}}
{"ok":true,"result":{"message_id":598,"from":{"id":176784464,"first_name":"izzzmusic","username":"izzzmusic_bot"},"chat":{"id":1398413,"first_name":"Igor","last_name":"Zygin","type":"private"},"date":1453500875,"audio":{"duration":300,"mime_type":"audio\/mpeg","title":"Ice Queen","performer":"Within Temptation","file_id":"BQADAgAD4QADUISJCtqzQGYbhpXGAg","file_size":13014139}}}
{"ok":true,"result":{"message_id":599,"from":{"id":176784464,"first_name":"izzzmusic","username":"izzzmusic_bot"},"chat":{"id":1398413,"first_name":"Igor","last_name":"Zygin","type":"private"},"date":1453563701,"audio":{"duration":300,"mime_type":"audio\/mpeg","title":"Bring Me To Life","performer":"Evanescence","file_id":"BQADAgAD4gADUISJCjmzaEAPb9zFAg","file_size":9523650}}}
/home/ubuntu/venv/local/lib/python2.7/site-packages/requests/packages/urllib3/util/ssl_.py:315: SNIMissingWarning: An HTTPS request has been made, but the SNI (Subject Name Indication) extension to TLS is not available on this platform. This may cause the server to present an incorrect TLS certificate, which can cause validation failures. For more information, see https://urllib3.readthedocs.org/en/latest/security.html#snimissingwarning.
  SNIMissingWarning
/home/ubuntu/venv/local/lib/python2.7/site-packages/requests/packages/urllib3/util/ssl_.py:120: InsecurePlatformWarning: A true SSLContext object is not available. This prevents urllib3 from configuring SSL appropriately and may cause certain SSL connections to fail. For more information, see https://urllib3.readthedocs.org/en/latest/security.html#insecureplatformwarning.
  InsecurePlatformWarning
/home/ubuntu/venv/local/lib/python2.7/site-packages/django/template/utils.py:37: RemovedInDjango110Warning: You haven't defined a TEMPLATES setting. You must do so before upgrading to Django 1.10. Otherwise Django will be unable to load templates.
  "unable to load templates.", RemovedInDjango110Warning)

/home/ubuntu/izzzymusic2/eup/urls.py:20: RemovedInDjango110Warning: django.conf.urls.patterns() is deprecated and will be removed in Django 1.10. Update your urlpatterns to be a list of django.conf.urls.url() instances instead.
  url('^', MusicList.as_view()),

System check identified some issues:

WARNINGS:
music.Track.duration: (fields.W122) 'max_length' is ignored when used with IntegerField
	HINT: Remove 'max_length' from field

System check identified 1 issue (0 silenced).
[23/Jan/2016 17:16:20] "POST /message/ HTTP/1.0" 200 2
